Remark: Option -float-rounding-mode has no effect in Polyspace Bug Finder
Remark: Option -O2 has no effect in Polyspace Bug Finder
Remark: Option -main-generator-calls has no effect in Polyspace Bug Finder
Remark: Option -main-generator-writes-variables has no effect in Polyspace Bug
|       Finder
Remark: Option -check-subnormal has no effect in Polyspace Bug Finder
Remark: Option -uncalled-function-checks has no effect in Polyspace Bug Finder
<polyspace-bug-finder-nodesktop R2018b PID14772 PGID14772>

Polyspace verification of c51 project.
Starting at 08/24/2019, 14h57.

Option -signed-integer-overflows has no effect in Polyspace Bug Finder.
Option -unsigned-integer-overflows has no effect in Polyspace Bug Finder.

Activated checkers: 
       INT_ZERO_DIV, FLOAT_ZERO_DIV, INT_CONV_OVFL, UINT_CONV_OVFL, SIGN_CHANGE, FLOAT_CONV_OVFL, 
  INT_STD_LIB, FLOAT_STD_LIB, OUT_BOUND_ARRAY, NULL_PTR, OUT_BOUND_PTR, FUNC_CAST, PTR_CAST, 
  MEM_STD_LIB, STR_STD_LIB, FREED_PTR, DOUBLE_DEALLOCATION, BAD_FREE, BAD_EQUAL_USE, 
  BAD_EQUAL_EQUAL_USE, DECL_MISMATCH, MISSING_NULL_CHAR, PTR_SIZEOF_MISMATCH, TYPEDEF_MISMATCH, 
  USELESS_WRITE, NON_INIT_VAR, NON_INIT_PTR, VAR_SHADOWING, MISSING_RETURN, RESOURCE_LEAK, 
  UNREACHABLE, DEAD_CODE, PARTIALLY_ACCESSED_ARRAY, USELESS_IF, DEADLOCK, BAD_LOCK, DOUBLE_LOCK, 
  DATA_RACE, DOUBLE_UNLOCK, BAD_UNLOCK, OTHER_STD_LIB, ASSERT, STRING_FORMAT, IMPROPER_ARRAY_INIT, 
  BAD_PTR_SCALING, SIZEOF_MISUSE, FLOAT_ABSORPTION, LOCAL_ADDR_ESCAPE, STR_FORMAT_BUFFER_OVERFLOW, 
  STRLIB_BUFFER_OVERFLOW, STRLIB_BUFFER_UNDERFLOW, PUTENV_AUTO_VAR, PTR_TO_DIFF_ARRAY, 
  ALIGNMENT_CHANGE, READ_ONLY_RESOURCE_WRITE, CLOSED_RESOURCE_USE, DOUBLE_RESOURCE_CLOSE, 
  DOUBLE_RESOURCE_OPEN, OPERATOR_PRECEDENCE, STD_FUNC_ARG_MISMATCH, INVALID_MEMORY_ASSUMPTION, 
  CONSTANT_OBJECT_WRITE, INVALID_VA_LIST_ARG, NON_POSITIVE_VLA_SIZE, MEMCMP_STRINGS, 
  MEMCMP_PADDING_DATA, INVALID_ENV_POINTER, ERRNO_MISUSE, MISSING_ERRNO_RESET, CHARACTER_MISUSE, 
  CHAR_EOF_CONFUSED, IO_INTERLEAVING, SIG_HANDLER_COMP_EXCP_RETURN, SIG_HANDLER_CALLING_SIGNAL, 
  UNPROTOTYPED_FUNC_CALL, FILE_OBJECT_MISUSE, FLEXIBLE_ARRAY_MEMBER_STRUCT_MISUSE, 
  SIG_HANDLER_SHARED_OBJECT, MACRO_USED_AS_OBJECT, SIDE_EFFECT_IGNORED, PRE_UCNAME_JOIN_TOKENS, 
  PRE_DIRECTIVE_MACRO_ARG, INLINE_CONSTRAINT_NOT_RESPECTED, VA_ARG_INCORRECT_TYPE, 
  TOO_MANY_VA_ARG_CALLS, STREAM_WITH_SIDE_EFFECT, TEMP_OBJECT_ACCESS, SIG_HANDLER_ERRNO_MISUSE, 
  DATA_RACE_STD_LIB, ATOMIC_VAR_ACCESS_TWICE, ATOMIC_VAR_SEQUENCE_NOT_ATOMIC

Remark: By default, some results are not generated for headers.
|       Search for '-generate-results-for' in user documentation to generate results for these headers.

Verifying sources compliance ...
Warning: MISRA C:2012 checker: the rule 17.3 has been disabled because it applies to the C90 standard and the selected standard is C99.
Warning: MISRA C:2012 checker: the rule 8.1 has been disabled because it applies to the C90 standard and the selected standard is C99.

Options used with Verifier:
-lang=C
-polyspace-version=2.6 (R2018b)
-date=24/08/2019

User:
-D1=code=.
-bug-finder=true (non-official option)
-I1=E:\git\51_Software_Architecture_demo\01_Project_Code\0101_51_Architecture_demo\source
-I2=E:\git\51_Software_Architecture_demo\01_Project_Code\0101_51_Architecture_demo\source\app
-I3=E:\git\51_Software_Architecture_demo\01_Project_Code\0101_51_Architecture_demo\source\driver
-I4=E:\git\51_Software_Architecture_demo\01_Project_Code\0101_51_Architecture_demo\source\hal
-I5=D:\Keil\C51\C51\INC
-target=i386
-compiler=keil
-c-version=c11
-dos=true
-sfr-types=[sfr=8]
-report-output-format=HTML
-report-template=Polyspace-Doc\BugFinderSummary.rpt
-to=Software Safety Analysis level 2
-import-comments=E:\git\51_Software_Architecture_demo\01_Project_Code\0102_51_polyspace\c51\Module_1\BF_Result\comments_bak
-results-dir=E:\git\51_Software_Architecture_demo\01_Project_Code\0102_51_polyspace\c51\Module_1\BF_Result
-verif-version=1.0
-author=HP
-prog=c51
-code-metrics=true
-misra3=mandatory-required


Verifying host configuration:
Number of cores:                2
Processor type:                 amd64
Processor model:                Intel(R) Core(TM) i5-6200U CPU @ 2.30GHz
Processor frequency:            2.400 GHz
Memory > 4 GB:                                            15.88 GB
Tmp space available in C:\Users\HP\AppData\Local\Temp:    30.42 GB

Remark: 2 core(s) detected. The verification creates 2 process(es).
*** Configuration of the host :	OK


Type E:\git\51_Software_Architecture_demo\01_Project_Code\0102_51_polyspace\c51\Module_1\BF_Result\kill-rte-kernel.bat on host ENVY to halt Verifier process


Polyspace C analysis
Copyright 1999-2018 The MathWorks, Inc.
All rights reserved.

Starting at: Sat Aug 24 14:57:24 2019
Host: MINGW64_NTx_64-6.2 ENVY 0 amd64
User: HP
**********************************************************
***
*** Verifying Keil C sources
***
**********************************************************

Verifying sources ...
Verifying drv_ds1302.c (1/11)
E:\git\51_Software_Architecture_demo\01_Project_Code\0101_51_Architecture_demo\source\driver\drv_ds1302.c, line 5: error: expected an identifier
|  static const uint8_t . initTimerDat[] = {0x00,0x30,0x12,0x20,0x10,0x07,0x13,0x00};
|                       ^

E:\git\51_Software_Architecture_demo\01_Project_Code\0101_51_Architecture_demo\source\driver\drv_ds1302.c, line 23: error: identifier "initTimerDat" is undefined
|                  Drv_Ds1302BurstWrite(initTimerDat);
|                                       ^

2 errors detected in the compilation of "drv_ds1302.c".
E:\git\51_Software_Architecture_demo\01_Project_Code\0101_51_Architecture_demo\source\driver\drv_ds1302.c: warning: Failed compilation.
Verifying drv_gpio.c (2/11)
E:\git\51_Software_Architecture_demo\01_Project_Code\0101_51_Architecture_demo\source\driver\drv_gpio.c, line 8: error: expected an identifier
|  static const gpioConfig_t . gpioConfigArry[EN_ALL_GPIO_COUNTER] = {
|                            ^

E:\git\51_Software_Architecture_demo\01_Project_Code\0101_51_Architecture_demo\source\driver\drv_gpio.c, line 175: error: identifier "gpioConfigArry" is undefined
|          if (gpioConfigArry[(uint8_t)name].gpioBit != EN_BIT_ALL)
|              ^

E:\git\51_Software_Architecture_demo\01_Project_Code\0101_51_Architecture_demo\source\driver\drv_gpio.c, line 189: error: identifier "gpioConfigArry" is undefined
|          if (gpioConfigArry[(uint8_t)name].gpioBit != EN_BIT_ALL)
|              ^

3 errors detected in the compilation of "drv_gpio.c".
E:\git\51_Software_Architecture_demo\01_Project_Code\0101_51_Architecture_demo\source\driver\drv_gpio.c: warning: Failed compilation.
Verifying drv_lcd.c (3/11)
Verifying drv_paltform.c (4/11)
Verifying drv_timer.c (5/11)
Verifying hal_calendar.c (6/11)
Verifying hal_display.c (7/11)
Verifying hal_gpio.c (8/11)
Verifying hal_paltform.c (9/11)
Verifying hal_timer.c (10/11)
Verifying main.c (11/11)
Global compilation phase...

Warning: 2 files failed to compile (18% of all files).
|        Trying to link compiled files anyway.

Number of files                  : 11
Number of lines                  : 751
Number of lines without comments : 536

Verifying cross-files ANSI C compliance

Stubbing standard library functions ...
Remark: The generated default DRS XML file "drs-template.xml" can be found in <result_dir> folder.
Doing code transformations ...


**********************************************************
MISRA C:2012 Rule checker results
 Use the Report Generator in order to get the complete report.
Coding rules checking might not be complete. Some rule violations
 are detected after the source compliance checking phase.
**********************************************************
Summary per file:
  File E:\git\51_Software_Architecture_demo\01_Project_Code\0101_51_Architecture_demo\source\app\main.c: 
    4 rules violated
  File E:\git\51_Software_Architecture_demo\01_Project_Code\0101_51_Architecture_demo\source\app\main.h: 
    2 rules violated
  File E:\git\51_Software_Architecture_demo\01_Project_Code\0101_51_Architecture_demo\source\driver\drv_ds1302.c: 
    2 rules violated
  File E:\git\51_Software_Architecture_demo\01_Project_Code\0101_51_Architecture_demo\source\driver\drv_ds1302.h: 
    1 rule violated
  File E:\git\51_Software_Architecture_demo\01_Project_Code\0101_51_Architecture_demo\source\driver\drv_gpio.c: 
    3 rules violated
  File E:\git\51_Software_Architecture_demo\01_Project_Code\0101_51_Architecture_demo\source\driver\drv_gpio.h: 
    1 rule violated
  File E:\git\51_Software_Architecture_demo\01_Project_Code\0101_51_Architecture_demo\source\driver\drv_lcd.c: 
    3 rules violated
  File E:\git\51_Software_Architecture_demo\01_Project_Code\0101_51_Architecture_demo\source\driver\drv_lcd.h: 
    1 rule violated
  File E:\git\51_Software_Architecture_demo\01_Project_Code\0101_51_Architecture_demo\source\driver\drv_paltform.h: 
    1 rule violated
  File E:\git\51_Software_Architecture_demo\01_Project_Code\0101_51_Architecture_demo\source\driver\drv_timer.c: 
    3 rules violated
  File E:\git\51_Software_Architecture_demo\01_Project_Code\0101_51_Architecture_demo\source\driver\drv_timer.h: 
    1 rule violated
  File E:\git\51_Software_Architecture_demo\01_Project_Code\0101_51_Architecture_demo\source\driver\typedefs.h: 
    1 rule violated
  File E:\git\51_Software_Architecture_demo\01_Project_Code\0101_51_Architecture_demo\source\hal\hal_calendar.c: 
    4 rules violated
  File E:\git\51_Software_Architecture_demo\01_Project_Code\0101_51_Architecture_demo\source\hal\hal_calendar.h: 
    1 rule violated
  File E:\git\51_Software_Architecture_demo\01_Project_Code\0101_51_Architecture_demo\source\hal\hal_display.c: 
    34 rules violated
  File E:\git\51_Software_Architecture_demo\01_Project_Code\0101_51_Architecture_demo\source\hal\hal_display.h: 
    1 rule violated
  File E:\git\51_Software_Architecture_demo\01_Project_Code\0101_51_Architecture_demo\source\hal\hal_gpio.h: 
    1 rule violated
  File E:\git\51_Software_Architecture_demo\01_Project_Code\0101_51_Architecture_demo\source\hal\hal_paltform.c: 
    1 rule violated
  File E:\git\51_Software_Architecture_demo\01_Project_Code\0101_51_Architecture_demo\source\hal\hal_paltform.h: 
    1 rule violated
  File E:\git\51_Software_Architecture_demo\01_Project_Code\0101_51_Architecture_demo\source\hal\hal_timer.c: 
    2 rules violated
  File E:\git\51_Software_Architecture_demo\01_Project_Code\0101_51_Architecture_demo\source\hal\hal_timer.h: 
    1 rule violated
**********************************************************
Summary per rule:
  rule 10.3 violated 26 times
  rule 10.1 violated 13 times
  rule 21.1 violated 12 times
  rule D2.1 violated 5 times
  rule 10.4 violated 4 times
  rule 8.2 violated 2 times
  rule 8.4 violated 2 times
  rule 21.2 violated 1 time
  rule 5.8 violated 1 time
  rule 7.3 violated 1 time
  rule 8.5 violated 1 time
  rule D1.1 violated 1 time




Packing compilation data

Defects statistics:
  - Total number of defects: 0
done.

**********************************************************
***
*** Keil C sources verification done
***
**********************************************************
Ending at: Sat Aug 24 14:57:41 2019
User time for compilation: 00:00:16.22 (16.23real, 16.23u + 0s (0.23gc))

Polyspace C analysis
Copyright 1999-2018 The MathWorks, Inc.
All rights reserved.

Starting at: Sat Aug 24 14:57:41 2019
Host: MINGW64_NTx_64-6.2 ENVY 0 amd64
User: HP
**********************************************************
***
*** Beginning Bug-finder - Pre-analysis
***
**********************************************************
**** Bug-finder - Pre-analysis - 1 (P_AL)
Total complexity = 3059
**** Bug-finder - Pre-analysis - 1 (P_AL) took 0.18real, 0.18u + 0s
**** Bug-finder - Pre-analysis - 2 (P_ACP)
* n-acp-t = 0 n-epp' = 0 n-acp-l = 0
**** Bug-finder - Pre-analysis - 2 (P_ACP) took 0real, 0u + 0s
**** Bug-finder - Pre-analysis - 3 (P_O)
**** Bug-finder - Pre-analysis - 3 (P_O) took 0real, 0u + 0s
**** Bug-finder - Pre-analysis - 4 (P_MA)
**** Bug-finder - Pre-analysis - 4 (P_MA) took 0.01real, 0.01u + 0s
**** Bug-finder - Pre-analysis - 5 (P_G)
**** Bug-finder - Pre-analysis - 5 (P_G) took 0.01real, 0.01u + 0s
**** Bug-finder - Pre-analysis - 6 (P_DRC)
**** Bug-finder - Pre-analysis - 6 (P_DRC) took 0real, 0u + 0s
**** Bug-finder - Pre-analysis - 7 (P_TT)
**** Bug-finder - Pre-analysis - 7 (P_TT) took 0real, 0u + 0s
**** Bug-finder - Pre-analysis - 8 (P_FI)
**** Bug-finder - Pre-analysis - 8 (P_FI) took 0.4real, 0.4u + 0s

Generating GUI files

Defects statistics:
  - Total number of defects: 0

GUI files generation completed in 0.51real

**********************************************************
***
*** Bug-finder - Pre-analysis done
***
**********************************************************
Ending at: Sat Aug 24 14:57:43 2019
User time for pre-analysis: 00:00:02.45 (2.46real, 2.46u + 0s (0.11gc))

Polyspace C analysis
Copyright 1999-2018 The MathWorks, Inc.
All rights reserved.

Starting at: Sat Aug 24 14:57:43 2019
Host: MINGW64_NTx_64-6.2 ENVY 0 amd64
User: HP
**********************************************************
***
*** Beginning Bug-finder - Function Analysis
***
**********************************************************
**** Bug-finder - Function Analysis - (Verifying function #1 / 22: Hal_GetSysTime)
**** Bug-finder - Function Analysis - (Verifying function #2 / 22: Hal_DisplayInit)
**** Bug-finder - Function Analysis - (Verifying function #3 / 22: Hal_FlashCalendar)
**** Bug-finder - Function Analysis - (Verifying function #4 / 22: Drv_LcdWriteCmd)
**** Bug-finder - Function Analysis - (Verifying function #5 / 22: Hal_SysExitCritical)
**** Bug-finder - Function Analysis - (Verifying function #6 / 22: SysUpdateCalendar)
**** Bug-finder - Function Analysis - (Verifying function #7 / 22: Drv_LcdWaitReady)
**** Bug-finder - Function Analysis - (Verifying function #8 / 22: Hal_SysEnterCritical)
**** Bug-finder - Function Analysis - (Verifying function #9 / 22: Drv_SysTimerInit)
**** Bug-finder - Function Analysis - (Verifying function #10 / 22: Hal_DisplayStr)
**** Bug-finder - Function Analysis - (Verifying function #11 / 22: SysIoCtrl)
**** Bug-finder - Function Analysis - (Verifying function #12 / 22: Hal_GetCurSysTimerCnt)
**** Bug-finder - Function Analysis - (Verifying function #13 / 22: Drv_LcdWriteDat)
**** Bug-finder - Function Analysis - (Verifying function #14 / 22: Hal_SysTimerIsr)
**** Bug-finder - Function Analysis - (Verifying function #15 / 22: Hal_CalendarInit)
**** Bug-finder - Function Analysis - (Verifying function #16 / 22: main)
**** Bug-finder - Function Analysis - (Verifying function #17 / 22: Drv_LcdInit)
**** Bug-finder - Function Analysis - (Verifying function #18 / 22: Hal_DebugIOCtrl)
**** Bug-finder - Function Analysis - (Verifying function #19 / 22: Hal_DiffTimerCnt)
**** Bug-finder - Function Analysis - (Verifying function #20 / 22: Hal_SysTimerInit)
**** Bug-finder - Function Analysis - (Verifying function #21 / 22: Hal_UpdateSysTime)
**** Bug-finder - Function Analysis - (Verifying function #22 / 22: Hal_DisplayCalendar)
**** Bug-finder - Function Analysis - (Verifying function #2 / 22: Hal_DisplayInit) took 1.15real
**** Bug-finder - Function Analysis - (Verifying function #1 / 22: Hal_GetSysTime) took 1.79real
**** Bug-finder - Function Analysis - (Verifying function #3 / 22: Hal_FlashCalendar) took 0.37real
**** Bug-finder - Function Analysis - (Verifying function #4 / 22: Drv_LcdWriteCmd) took 0.41real
**** Bug-finder - Function Analysis - (Verifying function #5 / 22: Hal_SysExitCritical) took 0.36real
**** Bug-finder - Function Analysis - (Verifying function #6 / 22: SysUpdateCalendar) took 0.39real
**** Bug-finder - Function Analysis - (Verifying function #7 / 22: Drv_LcdWaitReady) took 0.52real
**** Bug-finder - Function Analysis - (Verifying function #8 / 22: Hal_SysEnterCritical) took 0.41real
**** Bug-finder - Function Analysis - (Verifying function #9 / 22: Drv_SysTimerInit) took 0.35real
**** Bug-finder - Function Analysis - (Verifying function #10 / 22: Hal_DisplayStr) took 0.48real
**** Bug-finder - Function Analysis - (Verifying function #11 / 22: SysIoCtrl) took 0.31real
**** Bug-finder - Function Analysis - (Verifying function #12 / 22: Hal_GetCurSysTimerCnt) took 0.33real
**** Bug-finder - Function Analysis - (Verifying function #13 / 22: Drv_LcdWriteDat) took 0.31real
**** Bug-finder - Function Analysis - (Verifying function #14 / 22: Hal_SysTimerIsr) took 0.31real
**** Bug-finder - Function Analysis - (Verifying function #15 / 22: Hal_CalendarInit) took 0.33real
**** Bug-finder - Function Analysis - (Verifying function #16 / 22: main) took 0.35real
**** Bug-finder - Function Analysis - (Verifying function #17 / 22: Drv_LcdInit) took 0.31real
**** Bug-finder - Function Analysis - (Verifying function #18 / 22: Hal_DebugIOCtrl) took 0.32real
**** Bug-finder - Function Analysis - (Verifying function #19 / 22: Hal_DiffTimerCnt) took 0.35real
**** Bug-finder - Function Analysis - (Verifying function #20 / 22: Hal_SysTimerInit) took 0.29real
**** Bug-finder - Function Analysis - (Verifying function #21 / 22: Hal_UpdateSysTime) took 0.43real
**** Bug-finder - Function Analysis - (Verifying function #22 / 22: Hal_DisplayCalendar) took 0.77real

Generating GUI files

Defects statistics:
  - Total number of defects: 0

GUI files generation completed in 0.47real

* Total IL complexity: 2600

**********************************************************
***
*** Bug-finder - Function Analysis done
***
**********************************************************
Ending at: Sat Aug 24 14:57:52 2019
User time for function: 00:00:08.82 (8.83real, 8.83u + 0s (0.09gc))

Polyspace C analysis
Copyright 1999-2018 The MathWorks, Inc.
All rights reserved.

Starting at: Sat Aug 24 14:57:52 2019
Host: MINGW64_NTx_64-6.2 ENVY 0 amd64
User: HP
**********************************************************
***
*** Beginning Bug-finder - Module Analysis
***
**********************************************************
**** Bug-finder - Module Analysis - 1 (Computing modules)
* Created 1 module
**** Bug-finder - Module Analysis - 1 (Computing modules) took 0.01real, 0.01u + 0s
**** Bug-finder - Module Analysis - (Verifying module #1 / 1: 21 functions)
**** Bug-finder - Module Analysis - (Verifying module #1 / 1: 21 functions) took 1.46real

Generating GUI files

Defects statistics:
  - Total number of defects: 0

GUI files generation completed in 0.51real

**********************************************************
***
*** Bug-finder - Module Analysis done
***
**********************************************************
Ending at: Sat Aug 24 14:57:54 2019
User time for module: 00:00:02.64 (2.64real, 2.64u + 0s (0.08gc))

Polyspace C analysis
Copyright 1999-2018 The MathWorks, Inc.
All rights reserved.

Starting at: Sat Aug 24 14:57:55 2019
Host: MINGW64_NTx_64-6.2 ENVY 0 amd64
User: HP
**********************************************************
***
*** Beginning Bug-finder - Global analysis
***
**********************************************************
**** Bug-finder - Global analysis - 1 (P_CCG)
**** Bug-finder - Global analysis - 1 (P_CCG) took 0real, 0u + 0s

Generating GUI files

Defects statistics:
  - Total number of defects: 0

GUI files generation completed in 0.52real


**********************************************************
MISRA C:2012 Rule checker results
 Use the Report Generator in order to get the complete report.
**********************************************************
Summary per file:
  File E:\git\51_Software_Architecture_demo\01_Project_Code\0101_51_Architecture_demo\source\app\main.c: 
    4 rules violated
  File E:\git\51_Software_Architecture_demo\01_Project_Code\0101_51_Architecture_demo\source\app\main.h: 
    2 rules violated
  File E:\git\51_Software_Architecture_demo\01_Project_Code\0101_51_Architecture_demo\source\driver\drv_ds1302.c: 
    2 rules violated
  File E:\git\51_Software_Architecture_demo\01_Project_Code\0101_51_Architecture_demo\source\driver\drv_ds1302.h: 
    1 rule violated
  File E:\git\51_Software_Architecture_demo\01_Project_Code\0101_51_Architecture_demo\source\driver\drv_gpio.c: 
    3 rules violated
  File E:\git\51_Software_Architecture_demo\01_Project_Code\0101_51_Architecture_demo\source\driver\drv_gpio.h: 
    1 rule violated
  File E:\git\51_Software_Architecture_demo\01_Project_Code\0101_51_Architecture_demo\source\driver\drv_lcd.c: 
    3 rules violated
  File E:\git\51_Software_Architecture_demo\01_Project_Code\0101_51_Architecture_demo\source\driver\drv_lcd.h: 
    1 rule violated
  File E:\git\51_Software_Architecture_demo\01_Project_Code\0101_51_Architecture_demo\source\driver\drv_paltform.h: 
    1 rule violated
  File E:\git\51_Software_Architecture_demo\01_Project_Code\0101_51_Architecture_demo\source\driver\drv_timer.c: 
    3 rules violated
  File E:\git\51_Software_Architecture_demo\01_Project_Code\0101_51_Architecture_demo\source\driver\drv_timer.h: 
    1 rule violated
  File E:\git\51_Software_Architecture_demo\01_Project_Code\0101_51_Architecture_demo\source\driver\typedefs.h: 
    1 rule violated
  File E:\git\51_Software_Architecture_demo\01_Project_Code\0101_51_Architecture_demo\source\hal\hal_calendar.c: 
    4 rules violated
  File E:\git\51_Software_Architecture_demo\01_Project_Code\0101_51_Architecture_demo\source\hal\hal_calendar.h: 
    1 rule violated
  File E:\git\51_Software_Architecture_demo\01_Project_Code\0101_51_Architecture_demo\source\hal\hal_display.c: 
    34 rules violated
  File E:\git\51_Software_Architecture_demo\01_Project_Code\0101_51_Architecture_demo\source\hal\hal_display.h: 
    1 rule violated
  File E:\git\51_Software_Architecture_demo\01_Project_Code\0101_51_Architecture_demo\source\hal\hal_gpio.h: 
    1 rule violated
  File E:\git\51_Software_Architecture_demo\01_Project_Code\0101_51_Architecture_demo\source\hal\hal_paltform.c: 
    1 rule violated
  File E:\git\51_Software_Architecture_demo\01_Project_Code\0101_51_Architecture_demo\source\hal\hal_paltform.h: 
    1 rule violated
  File E:\git\51_Software_Architecture_demo\01_Project_Code\0101_51_Architecture_demo\source\hal\hal_timer.c: 
    2 rules violated
  File E:\git\51_Software_Architecture_demo\01_Project_Code\0101_51_Architecture_demo\source\hal\hal_timer.h: 
    1 rule violated
**********************************************************
Summary per rule:
  rule 10.3 violated 26 times
  rule 10.1 violated 13 times
  rule 21.1 violated 12 times
  rule D2.1 violated 5 times
  rule 10.4 violated 4 times
  rule 8.2 violated 2 times
  rule 8.4 violated 2 times
  rule 21.2 violated 1 time
  rule 5.8 violated 1 time
  rule 7.3 violated 1 time
  rule 8.5 violated 1 time
  rule D1.1 violated 1 time

Importing comments from E:\git\51_Software_Architecture_demo\01_Project_Code\0102_51_polyspace\c51\Module_1\BF_Result\comments_bak folder

Operation completed:
--------------------

Diff statistics for MISRA C:2012 results:
-----------------------------------------
| Number of backuped comments attached to disappeared results                : 0
| Number of unmatched uncommented results                                    : 0
| Number of results comments not imported because a more recent one was found: 0
| Number of partially imported results comments (due to a result change)     : 0
| Number of fully imported results comments                                  : 0
| Number of matched results without comment                                  : 69
| Number of matched results with a comment coming from source code annotation: 0
| Total number of results                                                    : 69

Diff statistics for Code Metric results:
----------------------------------------
| Number of backuped comments attached to disappeared results                : 0
| Number of unmatched uncommented results                                    : 0
| Number of results comments not imported because a more recent one was found: 0
| Number of partially imported results comments (due to a result change)     : 0
| Number of fully imported results comments                                  : 0
| Number of matched results without comment                                  : 446
| Number of matched results with a comment coming from source code annotation: 0
| Total number of results                                                    : 446


**********************************************************
***
*** Bug-finder - Global analysis done
***
**********************************************************
Ending at: Sat Aug 24 14:57:56 2019
User time for global: 00:00:01.37 (1.37real, 1.37u + 0s (0.08gc))

Polyspace C analysis
Copyright 1999-2018 The MathWorks, Inc.
All rights reserved.

Starting at: Sat Aug 24 14:57:56 2019
Host: MINGW64_NTx_64-6.2 ENVY 0 amd64
User: HP
**********************************************************
***
*** Beginning Bug-finder - Report generation
***
**********************************************************
Polyspace Report Generator
"Remark: Analysis stopped by envy\hp at 14:58:10 2019/08/24 ÷‹¡˘. " 
